<?xml version="1.0" encoding="UTF-8"?>
<testsuite name="[16] org.eclipse.fennec.codec.lorawan.test;1.0.0.202507081109-SNAPSHOT" tests="1" skipped="0" failures="0" errors="1" time="1.103" hostname="ilenia-XPS-15-9520" timestamp="2025-07-08T13:10:03">
<properties>
[...]
</properties>
<testcase name="testDeserializationDragino()" classname="org.eclipse.fennec.codec.lorawan.test.CodecLorawanDeserializeIdTest" time="0.624">
<error message="Cannot invoke &quot;org.eclipse.fennec.codec.info.codecinfo.EClassCodecInfo.getFeatureInfo()&quot; because &quot;eObjCodecInfo&quot; is null" type="java.lang.NullPointerException"><![CDATA[java.lang.NullPointerException: Cannot invoke "org.eclipse.fennec.codec.info.codecinfo.EClassCodecInfo.getFeatureInfo()" because "eObjCodecInfo" is null
	at org.eclipse.fennec.codec.jackson.databind.deser.CodecEObjectDeserializer.getFeatureCodecInfo(CodecEObjectDeserializer.java:228)
	at org.eclipse.fennec.codec.jackson.databind.deser.CodecEObjectDeserializer.doDeserialize(CodecEObjectDeserializer.java:170)
	at org.eclipse.fennec.codec.jackson.databind.deser.CodecEObjectDeserializer.deserialize(CodecEObjectDeserializer.java:156)
	at org.eclipse.fennec.codec.jackson.databind.deser.CodecEObjectDeserializer.deserialize(CodecEObjectDeserializer.java:1)
	at org.eclipse.fennec.codec.jackson.databind.deser.FeatureCodecInfoDeserializer.deserializeAndSet(FeatureCodecInfoDeserializer.java:134)
	at org.eclipse.fennec.codec.jackson.databind.deser.CodecEObjectDeserializer.doDeserialize(CodecEObjectDeserializer.java:177)
	at org.eclipse.fennec.codec.jackson.databind.deser.CodecEObjectDeserializer.deserialize(CodecEObjectDeserializer.java:158)
	at org.eclipse.fennec.codec.jackson.databind.deser.CodecEObjectDeserializer.deserialize(CodecEObjectDeserializer.java:1)
	at org.eclipse.fennec.codec.jackson.databind.deser.CodecResourceDeserializer.deserialize(CodecResourceDeserializer.java:78)
	at org.eclipse.fennec.codec.jackson.databind.deser.CodecResourceDeserializer.deserialize(CodecResourceDeserializer.java:1)
	at tools.jackson.databind.deser.DeserializationContextExt.readRootValue(DeserializationContextExt.java:267)
	at tools.jackson.databind.ObjectReader._bindAndClose(ObjectReader.java:1702)
	at tools.jackson.databind.ObjectReader.readValue(ObjectReader.java:1186)
	at org.eclipse.fennec.codec.json.resource.CodecJsonResource.doLoad(CodecJsonResource.java:88)
	at org.eclipse.emf.ecore.resource.impl.ResourceImpl.load(ResourceImpl.java:1563)
	at org.eclipse.emf.ecore.resource.impl.ResourceImpl.load(ResourceImpl.java:1342)
	at org.eclipse.fennec.codec.jackson.resource.CodecResource.load(CodecResource.java:167)
	at org.eclipse.fennec.codec.lorawan.test.CodecLorawanDeserializeIdTest.testDeserializationDragino(CodecLorawanDeserializeIdTest.java:113)
	at java.base/java.lang.reflect.Method.invoke(Method.java:569)
	at java.base/java.util.ArrayList.forEach(ArrayList.java:1511)
	at java.base/java.util.ArrayList.forEach(ArrayList.java:1511)
	at aQute.tester.bundle.engine.BundleDescriptor.executeChild(BundleDescriptor.java:49)
	at aQute.tester.bundle.engine.BundleEngine.lambda$executeBundle$7(BundleEngine.java:120)
	at java.base/java.util.stream.ForEachOps$ForEachOp$OfRef.accept(ForEachOps.java:183)
	at java.base/java.util.stream.ReferencePipeline$2$1.accept(ReferencePipeline.java:179)
	at java.base/java.util.Iterator.forEachRemaining(Iterator.java:133)
	at java.base/java.util.Spliterators$IteratorSpliterator.forEachRemaining(Spliterators.java:1845)
	at java.base/java.util.stream.AbstractPipeline.copyInto(AbstractPipeline.java:509)
	at java.base/java.util.stream.AbstractPipeline.wrapAndCopyInto(AbstractPipeline.java:499)
	at java.base/java.util.stream.ForEachOps$ForEachOp.evaluateSequential(ForEachOps.java:150)
	at java.base/java.util.stream.ForEachOps$ForEachOp$OfRef.evaluateSequential(ForEachOps.java:173)
	at java.base/java.util.stream.AbstractPipeline.evaluate(AbstractPipeline.java:234)
	at java.base/java.util.stream.ReferencePipeline.forEach(ReferencePipeline.java:596)
	at aQute.tester.bundle.engine.BundleEngine.executeBundle(BundleEngine.java:120)
	at aQute.tester.bundle.engine.BundleEngine.lambda$execute$5(BundleEngine.java:100)
	at java.base/java.util.stream.ForEachOps$ForEachOp$OfRef.accept(ForEachOps.java:183)
	at java.base/java.util.stream.ReferencePipeline$3$1.accept(ReferencePipeline.java:197)
	at java.base/java.util.stream.ReferencePipeline$2$1.accept(ReferencePipeline.java:179)
	at java.base/java.util.Iterator.forEachRemaining(Iterator.java:133)
	at java.base/java.util.Spliterators$IteratorSpliterator.forEachRemaining(Spliterators.java:1845)
	at java.base/java.util.stream.AbstractPipeline.copyInto(AbstractPipeline.java:509)
	at java.base/java.util.stream.AbstractPipeline.wrapAndCopyInto(AbstractPipeline.java:499)
	at java.base/java.util.stream.ForEachOps$ForEachOp.evaluateSequential(ForEachOps.java:150)
	at java.base/java.util.stream.ForEachOps$ForEachOp$OfRef.evaluateSequential(ForEachOps.java:173)
	at java.base/java.util.stream.AbstractPipeline.evaluate(AbstractPipeline.java:234)
	at java.base/java.util.stream.ReferencePipeline.forEach(ReferencePipeline.java:596)
	at aQute.tester.bundle.engine.BundleEngine.execute(BundleEngine.java:100)
]]></error>
<system-out><![CDATA[Root object with CODEC_ROOT_OBJECT option!
Reference!
]]></system-out>
<system-err><![CDATA[Jul 08, 2025 1:10:03 PM org.eclipse.fennec.codec.jackson.databind.deser.CodecEObjectDeserializer deserialize
WARNING: It was not possible to determine the type of the EReference deviceInfo from the type key _type. The type of the EReference will be set to its default type
]]></system-err>
</testcase>
</testsuite>
